e:\workspace\プロジェクト\glproject\glframework\release\meshcylinder.obj
e:\workspace\プロジェクト\glproject\glframework\release\polygon3d.obj
e:\workspace\プロジェクト\glproject\glframework\release\polygon2d.obj
e:\workspace\プロジェクト\glproject\glframework\release\renderer.obj
e:\workspace\プロジェクト\glproject\glframework\release\mouse.obj
e:\workspace\プロジェクト\glproject\glframework\release\managergl.obj
e:\workspace\プロジェクト\glproject\glframework\release\main.obj
e:\workspace\プロジェクト\glproject\glframework\release\light.obj
e:\workspace\プロジェクト\glproject\glframework\release\keyboard.obj
e:\workspace\プロジェクト\glproject\glframework\release\gamepad.obj
e:\workspace\プロジェクト\glproject\glframework\release\object.obj
e:\workspace\プロジェクト\glproject\glframework\release\meshground.obj
e:\workspace\プロジェクト\glproject\glframework\release\fade.obj
e:\workspace\プロジェクト\glproject\glframework\release\effect3d.obj
e:\workspace\プロジェクト\glproject\glframework\release\effect2d.obj
e:\workspace\プロジェクト\glproject\glframework\release\console.obj
e:\workspace\プロジェクト\glproject\glframework\release\commongl.obj
e:\workspace\プロジェクト\glproject\glframework\release\cinput.obj
e:\workspace\プロジェクト\glproject\glframework\release\camera.obj
e:\workspace\プロジェクト\glproject\glframework\release\billboard.obj
e:\workspace\プロジェクト\glproject\glframework\release\texture.obj
e:\workspace\プロジェクト\glproject\glframework\release\model.obj
e:\workspace\プロジェクト\glproject\glframework\release\meshsphere.obj
e:\workspace\プロジェクト\glproject\glframework\release\meshfield.obj
e:\workspace\プロジェクト\glproject\glframework\release\cl.command.1.tlog
e:\workspace\プロジェクト\glproject\glframework\release\cl.read.1.tlog
e:\workspace\プロジェクト\glproject\glframework\release\cl.write.1.tlog
e:\workspace\プロジェクト\glproject\glframework\release\vc100.pdb
