2014/11/14 12:29:07 にビルドを開始しました。
     1>ノード 2 上のプロジェクト "E:\WorkSpace\プロジェクト\GLProject\GLFrameWork\GLFrameWork.vcxproj" (Build ターゲット)。
     1>ClCompile:
         C:\Program Files (x86)\Microsoft Visual Studio 10.0\VC\bin\CL.exe /c /Zi /nologo /W3 /WX- /O2 /Oi /Oy- /GL /D WIN32 /D NDEBUG /D _WINDOWS /D _MBCS /Gm- /EHsc /MT /GS /Gy /Zc:wchar_t /Zc:forScope /Fo"Release\\" /Fd"Release\vc100.pdb" /Gd /TP /analyze- /errorReport:prompt Fade.cpp ManagerGL.cpp
         Fade.cpp
         ManagerGL.cpp
       Link:
         C:\Program Files (x86)\Microsoft Visual Studio 10.0\VC\bin\link.exe /ERRORREPORT:PROMPT /OUT:"E:\WorkSpace\プロジェクト\GLProject\GLFrameWork\\GLFrameWork.exe" /INCREMENTAL:NO /NOLOGO kernel32.lib user32.lib gdi32.lib winspool.lib comdlg32.lib advapi32.lib shell32.lib ole32.lib oleaut32.lib uuid.lib odbc32.lib odbccp32.lib /MANIFEST /ManifestFile:"Release\GLFrameWork.exe.intermediate.manifest" /MANIFESTUAC:"level='asInvoker' uiAccess='false'" /DEBUG /PDB:"E:\WorkSpace\プロジェクト\GLProject\GLFrameWork\GLFrameWork.pdb" /SUBSYSTEM:WINDOWS /OPT:REF /OPT:ICF /LTCG /TLBID:1 /DYNAMICBASE /NXCOMPAT /IMPLIB:"E:\WorkSpace\プロジェクト\GLProject\GLFrameWork\\GLFrameWork.lib" /MACHINE:X86 Release\Billboard.obj
         Release\Camera.obj
         Release\CInput.obj
         Release\CommonGL.obj
         Release\Console.obj
         Release\Effect2D.obj
         Release\Effect3D.obj
         Release\Fade.obj
         Release\MeshGround.obj
         Release\Object.obj
         Release\GamePad.obj
         Release\Keyboard.obj
         Release\Light.obj
         Release\main.obj
         Release\ManagerGL.obj
         Release\Mouse.obj
         Release\Renderer.obj
         Release\Polygon2D.obj
         Release\Polygon3D.obj
         Release\MeshCylinder.obj
         Release\MeshField.obj
         Release\MeshSphere.obj
         Release\Model.obj
         Release\Texture.obj
         Release\Title.obj
         コード生成しています。
         コード生成が終了しました。
         GLFrameWork.vcxproj -> E:\WorkSpace\プロジェクト\GLProject\GLFrameWork\\GLFrameWork.exe
       Manifest:
         C:\Program Files (x86)\Microsoft SDKs\Windows\v7.0A\bin\mt.exe /nologo /verbose /outputresource:"E:\WorkSpace\プロジェクト\GLProject\GLFrameWork\\GLFrameWork.exe;#1" /manifest Release\GLFrameWork.exe.intermediate.manifest
     1>プロジェクト "E:\WorkSpace\プロジェクト\GLProject\GLFrameWork\GLFrameWork.vcxproj" (Build ターゲット) のビルドが完了しました。

ビルドに成功しました。

経過時間 00:00:01.42
