2014/12/04 16:26:15 にビルドを開始しました。
     1>ノード 2 上のプロジェクト "C:\Users\たかひろ\Documents\GL31チームプロジェクト\GLproject\GLFrameWork\GLFrameWork.vcxproj" (rebuild ターゲット)。
       プロジェクト ファイルに ToolsVersion="12.0" が含まれています。このツールセットが不明であるか、存在しません。その場合は、適切なバージョンの MSBuild をインストールすることで解決できる可能性があります。または、ビルドがポリシー上の理由により、特定の ToolsVersion を使用するように強制されている場合があります。プロジェクトを ToolsVersion="4.0" として扱います。詳細については、http://go.microsoft.com/fwlink/?LinkId=291333 を参照してください。
     1>_PrepareForClean:
         ファイル "Debug\GLFrameWork.lastbuildstate" を削除しています。
       InitializeBuildStatus:
         "AlwaysCreate" が指定されたため "Debug\GLFrameWork.unsuccessfulbuild" を作成しています。
       ClCompile:
         c:\Program Files (x86)\Microsoft Visual Studio 10.0\VC\bin\CL.exe /c /ZI /nologo /W3 /WX- /Od /Oy- /D WIN32 /D _DEBUG /D _WINDOWS /D _MBCS /Gm /EHsc /RTC1 /MTd /GS /fp:precise /Zc:wchar_t /Zc:forScope /Fo"Debug\\" /Fd"Debug\vc100.pdb" /Gd /TP /analyze- /errorReport:prompt Billboard.cpp Camera.cpp CInput.cpp CommonGL.cpp Connection.cpp Console.cpp Effect2D.cpp Effect3D.cpp Fade.cpp Game.cpp MeshGround.cpp Object.cpp GamePad.cpp Keyboard.cpp Light.cpp main.cpp ManagerGL.cpp Mouse.cpp Renderer.cpp Polygon2D.cpp Polygon3D.cpp MeshCylinder.cpp MeshField.cpp MeshSphere.cpp Model.cpp Result.cpp SoundAL.cpp Splash.cpp Texture.cpp Title.cpp
         Title.cpp
         Texture.cpp
         Splash.cpp
         SoundAL.cpp
         Result.cpp
         Model.cpp
         MeshSphere.cpp
         MeshField.cpp
         MeshCylinder.cpp
         Polygon3D.cpp
         Polygon2D.cpp
         Renderer.cpp
         Mouse.cpp
         ManagerGL.cpp
         main.cpp
         Light.cpp
         Keyboard.cpp
         GamePad.cpp
         Object.cpp
         MeshGround.cpp
         コードを生成中...
         コンパイル中...
         Game.cpp
         Fade.cpp
         Effect3D.cpp
         Effect2D.cpp
         Console.cpp
         Connection.cpp
         CommonGL.cpp
         CInput.cpp
         Camera.cpp
         Billboard.cpp
         コードを生成中...
       ManifestResourceCompile:
         C:\Program Files (x86)\Microsoft SDKs\Windows\v7.0A\bin\rc.exe /nologo /fo"Debug\GLFrameWork_Debug.exe.embed.manifest.res" Debug\GLFrameWork_Debug_manifest.rc 
       Link:
         c:\Program Files (x86)\Microsoft Visual Studio 10.0\VC\bin\link.exe /ERRORREPORT:PROMPT /OUT:"C:\Users\たかひろ\Documents\GL31チームプロジェクト\GLproject\GLFrameWork\\GLFrameWork_Debug.exe" /INCREMENTAL /NOLOGO /LIBPATH:"C:\Program Files (x86)\Microsoft DirectX SDK (June 2010)\Lib\x86" kernel32.lib user32.lib gdi32.lib winspool.lib comdlg32.lib advapi32.lib shell32.lib ole32.lib oleaut32.lib uuid.lib odbc32.lib odbccp32.lib /MANIFEST /ManifestFile:"Debug\GLFrameWork_Debug.exe.intermediate.manifest" /MANIFESTUAC:"level='asInvoker' uiAccess='false'" /DEBUG /PDB:"C:\Users\たかひろ\Documents\GL31チームプロジェクト\GLproject\GLFrameWork\GLFrameWork_Debug.pdb" /SUBSYSTEM:WINDOWS /TLBID:1 /DYNAMICBASE /NXCOMPAT /IMPLIB:"C:\Users\たかひろ\Documents\GL31チームプロジェクト\GLproject\GLFrameWork\\GLFrameWork_Debug.lib" /MACHINE:X86 Debug\GLFrameWork_Debug.exe.embed.manifest.res
         Debug\Billboard.obj
         Debug\Camera.obj
         Debug\CInput.obj
         Debug\CommonGL.obj
         Debug\Connection.obj
         Debug\Console.obj
         Debug\Effect2D.obj
         Debug\Effect3D.obj
         Debug\Fade.obj
         Debug\Game.obj
         Debug\MeshGround.obj
         Debug\Object.obj
         Debug\GamePad.obj
         Debug\Keyboard.obj
         Debug\Light.obj
         Debug\main.obj
         Debug\ManagerGL.obj
         Debug\Mouse.obj
         Debug\Renderer.obj
         Debug\Polygon2D.obj
         Debug\Polygon3D.obj
         Debug\MeshCylinder.obj
         Debug\MeshField.obj
         Debug\MeshSphere.obj
         Debug\Model.obj
         Debug\Result.obj
         Debug\SoundAL.obj
         Debug\Splash.obj
         Debug\Texture.obj
         Debug\Title.obj
       Manifest:
         ファイル "Debug\GLFrameWork_Debug.exe.embed.manifest" を削除しています。
         C:\Program Files (x86)\Microsoft SDKs\Windows\v7.0A\bin\mt.exe /nologo /verbose /out:"Debug\GLFrameWork_Debug.exe.embed.manifest" /manifest Debug\GLFrameWork_Debug.exe.intermediate.manifest
         C:\Program Files (x86)\Microsoft SDKs\Windows\v7.0A\bin\rc.exe /nologo /fo"Debug\GLFrameWork_Debug.exe.embed.manifest.res" Debug\GLFrameWork_Debug_manifest.rc 
       LinkEmbedManifest:
         c:\Program Files (x86)\Microsoft Visual Studio 10.0\VC\bin\link.exe /ERRORREPORT:PROMPT /OUT:"C:\Users\たかひろ\Documents\GL31チームプロジェクト\GLproject\GLFrameWork\\GLFrameWork_Debug.exe" /INCREMENTAL /NOLOGO /LIBPATH:"C:\Program Files (x86)\Microsoft DirectX SDK (June 2010)\Lib\x86" kernel32.lib user32.lib gdi32.lib winspool.lib comdlg32.lib advapi32.lib shell32.lib ole32.lib oleaut32.lib uuid.lib odbc32.lib odbccp32.lib /MANIFEST /ManifestFile:"Debug\GLFrameWork_Debug.exe.intermediate.manifest" /MANIFESTUAC:"level='asInvoker' uiAccess='false'" /DEBUG /PDB:"C:\Users\たかひろ\Documents\GL31チームプロジェクト\GLproject\GLFrameWork\GLFrameWork_Debug.pdb" /SUBSYSTEM:WINDOWS /TLBID:1 /DYNAMICBASE /NXCOMPAT /IMPLIB:"C:\Users\たかひろ\Documents\GL31チームプロジェクト\GLproject\GLFrameWork\\GLFrameWork_Debug.lib" /MACHINE:X86 Debug\GLFrameWork_Debug.exe.embed.manifest.res
         Debug\Billboard.obj
         Debug\Camera.obj
         Debug\CInput.obj
         Debug\CommonGL.obj
         Debug\Connection.obj
         Debug\Console.obj
         Debug\Effect2D.obj
         Debug\Effect3D.obj
         Debug\Fade.obj
         Debug\Game.obj
         Debug\MeshGround.obj
         Debug\Object.obj
         Debug\GamePad.obj
         Debug\Keyboard.obj
         Debug\Light.obj
         Debug\main.obj
         Debug\ManagerGL.obj
         Debug\Mouse.obj
         Debug\Renderer.obj
         Debug\Polygon2D.obj
         Debug\Polygon3D.obj
         Debug\MeshCylinder.obj
         Debug\MeshField.obj
         Debug\MeshSphere.obj
         Debug\Model.obj
         Debug\Result.obj
         Debug\SoundAL.obj
         Debug\Splash.obj
         Debug\Texture.obj
         Debug\Title.obj
         GLFrameWork.vcxproj -> C:\Users\たかひろ\Documents\GL31チームプロジェクト\GLproject\GLFrameWork\\GLFrameWork_Debug.exe
       FinalizeBuildStatus:
         ファイル "Debug\GLFrameWork.unsuccessfulbuild" を削除しています。
         "Debug\GLFrameWork.lastbuildstate" のタッチ タスクを実行しています。
     1>プロジェクト "C:\Users\たかひろ\Documents\GL31チームプロジェクト\GLproject\GLFrameWork\GLFrameWork.vcxproj" (rebuild ターゲット) のビルドが完了しました。

ビルドに成功しました。

経過時間 00:00:13.98
