C:\Users\たかひろ\Documents\GL31チームプロジェクト\GLproject\GLFrameWork\\GLFrameWork_Debug.exe
C:\Users\たかひろ\Documents\GL31チームプロジェクト\GLproject\GLFrameWork\\GLFrameWork_Debug.ilk
C:\Users\たかひろ\Documents\GL31チームプロジェクト\GLproject\GLFrameWork\\GLFrameWork_Debug.pdb
C:\USERS\たかひろ\DOCUMENTS\GL31チームプロジェクト\GLPROJECT\GLFRAMEWORK\DEBUG\BILLBOARD.OBJ
C:\USERS\たかひろ\DOCUMENTS\GL31チームプロジェクト\GLPROJECT\GLFRAMEWORK\DEBUG\CAMERA.OBJ
C:\USERS\たかひろ\DOCUMENTS\GL31チームプロジェクト\GLPROJECT\GLFRAMEWORK\DEBUG\CINPUT.OBJ
C:\Users\たかひろ\Documents\GL31チームプロジェクト\GLproject\GLFrameWork\Debug\cl.command.1.tlog
C:\Users\たかひろ\Documents\GL31チームプロジェクト\GLproject\GLFrameWork\Debug\CL.read.1.tlog
C:\Users\たかひろ\Documents\GL31チームプロジェクト\GLproject\GLFrameWork\Debug\CL.write.1.tlog
C:\USERS\たかひろ\DOCUMENTS\GL31チームプロジェクト\GLPROJECT\GLFRAMEWORK\DEBUG\COMMONGL.OBJ
C:\USERS\たかひろ\DOCUMENTS\GL31チームプロジェクト\GLPROJECT\GLFRAMEWORK\DEBUG\CONNECTION.OBJ
C:\USERS\たかひろ\DOCUMENTS\GL31チームプロジェクト\GLPROJECT\GLFRAMEWORK\DEBUG\CONSOLE.OBJ
C:\USERS\たかひろ\DOCUMENTS\GL31チームプロジェクト\GLPROJECT\GLFRAMEWORK\DEBUG\EFFECT2D.OBJ
C:\USERS\たかひろ\DOCUMENTS\GL31チームプロジェクト\GLPROJECT\GLFRAMEWORK\DEBUG\EFFECT3D.OBJ
C:\USERS\たかひろ\DOCUMENTS\GL31チームプロジェクト\GLPROJECT\GLFRAMEWORK\DEBUG\FADE.OBJ
C:\USERS\たかひろ\DOCUMENTS\GL31チームプロジェクト\GLPROJECT\GLFRAMEWORK\DEBUG\GAME.OBJ
C:\USERS\たかひろ\DOCUMENTS\GL31チームプロジェクト\GLPROJECT\GLFRAMEWORK\DEBUG\GAMEPAD.OBJ
C:\Users\たかひろ\Documents\GL31チームプロジェクト\GLproject\GLFrameWork\Debug\GLFrameWork.write.1.tlog
C:\USERS\たかひろ\DOCUMENTS\GL31チームプロジェクト\GLPROJECT\GLFRAMEWORK\DEBUG\GLFRAMEWORK_DEBUG.EXE.EMBED.MANIFEST
C:\USERS\たかひろ\DOCUMENTS\GL31チームプロジェクト\GLPROJECT\GLFRAMEWORK\DEBUG\GLFRAMEWORK_DEBUG.EXE.EMBED.MANIFEST.RES
C:\USERS\たかひろ\DOCUMENTS\GL31チームプロジェクト\GLPROJECT\GLFRAMEWORK\DEBUG\GLFRAMEWORK_DEBUG.EXE.INTERMEDIATE.MANIFEST
C:\Users\たかひろ\Documents\GL31チームプロジェクト\GLproject\GLFrameWork\Debug\GLFrameWork_Debug_manifest.rc
C:\USERS\たかひろ\DOCUMENTS\GL31チームプロジェクト\GLPROJECT\GLFRAMEWORK\DEBUG\KEYBOARD.OBJ
C:\USERS\たかひろ\DOCUMENTS\GL31チームプロジェクト\GLPROJECT\GLFRAMEWORK\DEBUG\LIGHT.OBJ
C:\Users\たかひろ\Documents\GL31チームプロジェクト\GLproject\GLFrameWork\Debug\link.1376.read.1.tlog
C:\Users\たかひろ\Documents\GL31チームプロジェクト\GLproject\GLFrameWork\Debug\link.1376.write.1.tlog
C:\Users\たかひろ\Documents\GL31チームプロジェクト\GLproject\GLFrameWork\Debug\link.1376-cvtres.read.1.tlog
C:\Users\たかひろ\Documents\GL31チームプロジェクト\GLproject\GLFrameWork\Debug\link.1376-cvtres.write.1.tlog
C:\Users\たかひろ\Documents\GL31チームプロジェクト\GLproject\GLFrameWork\Debug\link.command.1.tlog
C:\Users\たかひろ\Documents\GL31チームプロジェクト\GLproject\GLFrameWork\Debug\link.read.1.tlog
C:\Users\たかひろ\Documents\GL31チームプロジェクト\GLproject\GLFrameWork\Debug\link.write.1.tlog
C:\Users\たかひろ\Documents\GL31チームプロジェクト\GLproject\GLFrameWork\Debug\link-cvtres.read.1.tlog
C:\Users\たかひろ\Documents\GL31チームプロジェクト\GLproject\GLFrameWork\Debug\link-cvtres.write.1.tlog
C:\USERS\たかひろ\DOCUMENTS\GL31チームプロジェクト\GLPROJECT\GLFRAMEWORK\DEBUG\MAIN.OBJ
C:\USERS\たかひろ\DOCUMENTS\GL31チームプロジェクト\GLPROJECT\GLFRAMEWORK\DEBUG\MANAGERGL.OBJ
C:\USERS\たかひろ\DOCUMENTS\GL31チームプロジェクト\GLPROJECT\GLFRAMEWORK\DEBUG\MESHCYLINDER.OBJ
C:\USERS\たかひろ\DOCUMENTS\GL31チームプロジェクト\GLPROJECT\GLFRAMEWORK\DEBUG\MESHFIELD.OBJ
C:\USERS\たかひろ\DOCUMENTS\GL31チームプロジェクト\GLPROJECT\GLFRAMEWORK\DEBUG\MESHGROUND.OBJ
C:\USERS\たかひろ\DOCUMENTS\GL31チームプロジェクト\GLPROJECT\GLFRAMEWORK\DEBUG\MESHSPHERE.OBJ
C:\USERS\たかひろ\DOCUMENTS\GL31チームプロジェクト\GLPROJECT\GLFRAMEWORK\DEBUG\MODEL.OBJ
C:\USERS\たかひろ\DOCUMENTS\GL31チームプロジェクト\GLPROJECT\GLFRAMEWORK\DEBUG\MOUSE.OBJ
C:\Users\たかひろ\Documents\GL31チームプロジェクト\GLproject\GLFrameWork\Debug\mt.command.1.tlog
C:\Users\たかひろ\Documents\GL31チームプロジェクト\GLproject\GLFrameWork\Debug\mt.read.1.tlog
C:\Users\たかひろ\Documents\GL31チームプロジェクト\GLproject\GLFrameWork\Debug\mt.write.1.tlog
C:\USERS\たかひろ\DOCUMENTS\GL31チームプロジェクト\GLPROJECT\GLFRAMEWORK\DEBUG\OBJECT.OBJ
C:\USERS\たかひろ\DOCUMENTS\GL31チームプロジェクト\GLPROJECT\GLFRAMEWORK\DEBUG\POLYGON2D.OBJ
C:\USERS\たかひろ\DOCUMENTS\GL31チームプロジェクト\GLPROJECT\GLFRAMEWORK\DEBUG\POLYGON3D.OBJ
C:\Users\たかひろ\Documents\GL31チームプロジェクト\GLproject\GLFrameWork\Debug\rc.command.1.tlog
C:\Users\たかひろ\Documents\GL31チームプロジェクト\GLproject\GLFrameWork\Debug\rc.read.1.tlog
C:\Users\たかひろ\Documents\GL31チームプロジェクト\GLproject\GLFrameWork\Debug\rc.write.1.tlog
C:\USERS\たかひろ\DOCUMENTS\GL31チームプロジェクト\GLPROJECT\GLFRAMEWORK\DEBUG\RENDERER.OBJ
C:\USERS\たかひろ\DOCUMENTS\GL31チームプロジェクト\GLPROJECT\GLFRAMEWORK\DEBUG\RESULT.OBJ
C:\USERS\たかひろ\DOCUMENTS\GL31チームプロジェクト\GLPROJECT\GLFRAMEWORK\DEBUG\SOUNDAL.OBJ
C:\USERS\たかひろ\DOCUMENTS\GL31チームプロジェクト\GLPROJECT\GLFRAMEWORK\DEBUG\SPLASH.OBJ
C:\USERS\たかひろ\DOCUMENTS\GL31チームプロジェクト\GLPROJECT\GLFRAMEWORK\DEBUG\TEXTURE.OBJ
C:\USERS\たかひろ\DOCUMENTS\GL31チームプロジェクト\GLPROJECT\GLFRAMEWORK\DEBUG\TITLE.OBJ
C:\Users\たかひろ\Documents\GL31チームプロジェクト\GLproject\GLFrameWork\Debug\vc100.idb
C:\USERS\たかひろ\DOCUMENTS\GL31チームプロジェクト\GLPROJECT\GLFRAMEWORK\DEBUG\VC100.PDB
C:\USERS\たかひろ\DOCUMENTS\GL31チームプロジェクト\GLPROJECT\GLFRAMEWORK\GLFRAMEWORK_DEBUG.EXE
C:\USERS\たかひろ\DOCUMENTS\GL31チームプロジェクト\GLPROJECT\GLFRAMEWORK\GLFRAMEWORK_DEBUG.ILK
C:\USERS\たかひろ\DOCUMENTS\GL31チームプロジェクト\GLPROJECT\GLFRAMEWORK\GLFRAMEWORK_DEBUG.PDB
